#
# There is insufficient memory for the Java Runtime Environment to continue.
# Native memory allocation (mmap) failed to map 134217728 bytes for Failed to commit area from 0x00000000d1200000 to 0x00000000d9200000 of length 134217728.
# Possible reasons:
#   The system is out of physical RAM or swap space
#   The process is running with CompressedOops enabled, and the Java Heap may be blocking the growth of the native heap
# Possible solutions:
#   Reduce memory load on the system
#   Increase physical memory or swap space
#   Check if swap backing store is full
#   Decrease Java heap size (-Xmx/-Xms)
#   Decrease number of Java threads
#   Decrease Java thread stack sizes (-Xss)
#   Set larger code cache with -XX:ReservedCodeCacheSize=
# This output file may be truncated or incomplete.
#
#  Out of Memory Error (src/hotspot/os/windows/os_windows.cpp:3627), pid=2964, tid=2540
#
# JRE version:  (11.0.15+10) (build )
# Java VM: OpenJDK 64-Bit Server VM (11.0.15+10-b2043.56, mixed mode, sharing, tiered, compressed oops, g1 gc, windows-amd64)
# No core dump will be written. Minidumps are not enabled by default on client versions of Windows
#

---------------  S U M M A R Y ------------

Command Line: -Djava.rmi.server.hostname=127.0.0.1 -Duser.timezone=UTC -Xmx750m -Xms128m -Dfile.encoding=UTF-8 com.intellij.database.remote.RemoteJdbcServer com.mysql.cj.jdbc.Driver

Host: Intel(R) Core(TM) i5-6200U CPU @ 2.30GHz, 4 cores, 3G,  Windows 10 , 64 bit Build 19041 (10.0.19041.1741)
Time: Wed Jul  6 16:48:04 2022 SE Asia Standard Time elapsed time: 0.027965 seconds (0d 0h 0m 0s)

---------------  T H R E A D  ---------------

Current thread (0x000001c6a07f8000):  JavaThread "Unknown thread" [_thread_in_vm, id=2540, stack(0x0000005d81800000,0x0000005d81900000)]

Stack: [0x0000005d81800000,0x0000005d81900000]
Native frames: (J=compiled Java code, j=interpreted, Vv=VM code, C=native code)
V  [jvm.dll+0x61612a]
V  [jvm.dll+0x79c450]
V  [jvm.dll+0x79da6d]
V  [jvm.dll+0x79e143]
V  [jvm.dll+0x24cc18]
V  [jvm.dll+0x613174]
V  [jvm.dll+0x607e55]
V  [jvm.dll+0x30b1cb]
V  [jvm.dll+0x30b13a]
V  [jvm.dll+0x30b012]
V  [jvm.dll+0x30ff76]
V  [jvm.dll+0x35b4c3]
V  [jvm.dll+0x35bbc6]
V  [jvm.dll+0x35b5c3]
V  [jvm.dll+0x2e5918]
V  [jvm.dll+0x2e6ab7]
V  [jvm.dll+0x7794f7]
V  [jvm.dll+0x77acec]
V  [jvm.dll+0x368a59]
V  [jvm.dll+0x75ce8e]
V  [jvm.dll+0x3d6a33]
V  [jvm.dll+0x3d9001]
C  [jli.dll+0x536b]
C  [ucrtbase.dll+0x21bb2]
C  [KERNEL32.DLL+0x17034]
C  [ntdll.dll+0x52651]


---------------  P R O C E S S  ---------------

Threads class SMR info:
_java_thread_list=0x000001c69ee72390, length=0, elements={
}

Java Threads: ( => current thread )

Other Threads:
  0x000001c6a0811800 GCTaskThread "GC Thread#0" [stack: 0x0000005d81900000,0x0000005d81a00000] [id=8768]
  0x000001c6a0827800 ConcurrentGCThread "G1 Main Marker" [stack: 0x0000005d81a00000,0x0000005d81b00000] [id=9880]
  0x000001c6a082b000 ConcurrentGCThread "G1 Conc#0" [stack: 0x0000005d81b00000,0x0000005d81c00000] [id=3436]

[error occurred during error reporting (printing all threads), id 0xc0000005, EXCEPTION_ACCESS_VIOLATION (0xc0000005) at pc=0x00007ff8c51e6017]

VM state:not at safepoint (not fully initialized)

VM Mutex/Monitor currently owned by a thread:  ([mutex/lock_event])
[0x000001c6a07f5bf0] Heap_lock - owner thread: 0x000001c6a07f8000

Heap address: 0x00000000d1200000, size: 750 MB, Compressed Oops mode: Non-zero based: 0x00000000d1200000
Narrow klass base: 0x0000000000000000, Narrow klass shift: 0

GC Heap History (0 events):
No events

Deoptimization events (0 events):
No events

Classes redefined (0 events):
No events

Internal exceptions (0 events):
No events

Events (1 events):
Event: 0.015 Loaded shared library C:\Program Files\JetBrains\IntelliJ IDEA 2022.1.3\jbr\bin\zip.dll


Dynamic libraries:
0x00007ff7e2950000 - 0x00007ff7e295a000 	C:\Program Files\JetBrains\IntelliJ IDEA 2022.1.3\jbr\bin\java.exe
0x00007ff8f1150000 - 0x00007ff8f1347000 	C:\Windows\SYSTEM32\ntdll.dll
0x00007ff8f0660000 - 0x00007ff8f071d000 	C:\Windows\System32\KERNEL32.DLL
0x00007ff8eebe0000 - 0x00007ff8eeead000 	C:\Windows\System32\KERNELBASE.dll
0x00007ff8ee980000 - 0x00007ff8eea80000 	C:\Windows\System32\ucrtbase.dll
0x00007ff8c6670000 - 0x00007ff8c6686000 	C:\Program Files\JetBrains\IntelliJ IDEA 2022.1.3\jbr\bin\VCRUNTIME140.dll
0x00007ff8c62e0000 - 0x00007ff8c62f9000 	C:\Program Files\JetBrains\IntelliJ IDEA 2022.1.3\jbr\bin\jli.dll
0x00007ff8efc00000 - 0x00007ff8efda0000 	C:\Windows\System32\USER32.dll
0x00007ff8ef180000 - 0x00007ff8ef1a2000 	C:\Windows\System32\win32u.dll
0x00007ff8efe80000 - 0x00007ff8efeaa000 	C:\Windows\System32\GDI32.dll
0x00007ff8eeeb0000 - 0x00007ff8eefbb000 	C:\Windows\System32\gdi32full.dll
0x00007ff8ef070000 - 0x00007ff8ef10d000 	C:\Windows\System32\msvcp_win.dll
0x00007ff8db330000 - 0x00007ff8db5ca000 	C:\Windows\WinSxS\amd64_microsoft.windows.common-controls_6595b64144ccf1df_6.0.19041.1110_none_60b5254171f9507e\COMCTL32.dll
0x00007ff8f0fd0000 - 0x00007ff8f106e000 	C:\Windows\System32\msvcrt.dll
0x00007ff8f0150000 - 0x00007ff8f0180000 	C:\Windows\System32\IMM32.DLL
0x00007ff8a3e70000 - 0x00007ff8a3f1a000 	C:\Program Files\JetBrains\IntelliJ IDEA 2022.1.3\jbr\bin\msvcp140.dll
0x00007ff8c4ef0000 - 0x00007ff8c5a6b000 	C:\Program Files\JetBrains\IntelliJ IDEA 2022.1.3\jbr\bin\server\jvm.dll
0x00007ff8f0400000 - 0x00007ff8f04ae000 	C:\Windows\System32\ADVAPI32.dll
0x00007ff8f1070000 - 0x00007ff8f110c000 	C:\Windows\System32\sechost.dll
0x00007ff8f0020000 - 0x00007ff8f0145000 	C:\Windows\System32\RPCRT4.dll
0x00007ff8f0fc0000 - 0x00007ff8f0fc8000 	C:\Windows\System32\PSAPI.DLL
0x00007ff8e9700000 - 0x00007ff8e9709000 	C:\Windows\SYSTEM32\WSOCK32.dll
0x00007ff8e7810000 - 0x00007ff8e781a000 	C:\Windows\SYSTEM32\VERSION.dll
0x00007ff8dd860000 - 0x00007ff8dd887000 	C:\Windows\SYSTEM32\WINMM.dll
0x00007ff8efeb0000 - 0x00007ff8eff1b000 	C:\Windows\System32\WS2_32.dll
0x00007ff8ed100000 - 0x00007ff8ed112000 	C:\Windows\SYSTEM32\kernel.appcore.dll
0x00007ff8e9c40000 - 0x00007ff8e9c51000 	C:\Program Files\JetBrains\IntelliJ IDEA 2022.1.3\jbr\bin\verify.dll
0x00007ff8d7340000 - 0x00007ff8d7524000 	C:\Windows\SYSTEM32\DBGHELP.DLL
0x00007ff8d7200000 - 0x00007ff8d722c000 	C:\Windows\SYSTEM32\dbgcore.DLL
0x00007ff8ee8c0000 - 0x00007ff8ee942000 	C:\Windows\System32\bcryptPrimitives.dll
0x00007ff8e7b40000 - 0x00007ff8e7b69000 	C:\Program Files\JetBrains\IntelliJ IDEA 2022.1.3\jbr\bin\java.dll
0x00007ff8e9c80000 - 0x00007ff8e9c8b000 	C:\Program Files\JetBrains\IntelliJ IDEA 2022.1.3\jbr\bin\jimage.dll
0x00007ff8e8b10000 - 0x00007ff8e8b29000 	C:\Program Files\JetBrains\IntelliJ IDEA 2022.1.3\jbr\bin\zip.dll

dbghelp: loaded successfully - version: 4.0.5 - missing functions: none
symbol engine: initialized successfully - sym options: 0x614 - pdb path: .;C:\Program Files\JetBrains\IntelliJ IDEA 2022.1.3\jbr\bin;C:\Windows\SYSTEM32;C:\Windows\WinSxS\amd64_microsoft.windows.common-controls_6595b64144ccf1df_6.0.19041.1110_none_60b5254171f9507e;C:\Program Files\JetBrains\IntelliJ IDEA 2022.1.3\jbr\bin\server

VM Arguments:
jvm_args: -Djava.rmi.server.hostname=127.0.0.1 -Duser.timezone=UTC -Xmx750m -Xms128m -Dfile.encoding=UTF-8 
java_command: com.intellij.database.remote.RemoteJdbcServer com.mysql.cj.jdbc.Driver
java_class_path (initial): C:\Program Files\JetBrains\IntelliJ IDEA 2022.1.3\lib\util_rt.jar;C:\Program Files\JetBrains\IntelliJ IDEA 2022.1.3\lib\util.jar;C:\Program Files\JetBrains\IntelliJ IDEA 2022.1.3\lib\groovy.jar;C:\Program Files\JetBrains\IntelliJ IDEA 2022.1.3\plugins\DatabaseTools\lib\jdbc-console.jar;C:\Users\Windows 10\AppData\Roaming\JetBrains\IntelliJIdea2022.1\jdbc-drivers\MySQL ConnectorJ\8.0.25\mysql-connector-java-8.0.25.jar
Launcher Type: SUN_STANDARD

[Global flags]
     intx CICompilerCount                          = 3                                         {product} {ergonomic}
     uint ConcGCThreads                            = 1                                         {product} {ergonomic}
     uint G1ConcRefinementThreads                  = 4                                         {product} {ergonomic}
   size_t G1HeapRegionSize                         = 1048576                                   {product} {ergonomic}
    uintx GCDrainStackTargetSize                   = 64                                        {product} {ergonomic}
   size_t InitialHeapSize                          = 134217728                                 {product} {command line}
   size_t MarkStackSize                            = 4194304                                   {product} {ergonomic}
   size_t MaxHeapSize                              = 786432000                                 {product} {command line}
   size_t MinHeapDeltaBytes                        = 1048576                                   {product} {ergonomic}
    uintx NonNMethodCodeHeapSize                   = 5830732                                {pd product} {ergonomic}
    uintx NonProfiledCodeHeapSize                  = 122913754                              {pd product} {ergonomic}
    uintx ProfiledCodeHeapSize                     = 122913754                              {pd product} {ergonomic}
    uintx ReservedCodeCacheSize                    = 251658240                              {pd product} {ergonomic}
     bool SegmentedCodeCache                       = true                                      {product} {ergonomic}
     bool UseCompressedClassPointers               = true                                 {lp64_product} {ergonomic}
     bool UseCompressedOops                        = true                                 {lp64_product} {ergonomic}
     bool UseG1GC                                  = true                                      {product} {ergonomic}
     bool UseLargePagesIndividualAllocation        = false                                  {pd product} {ergonomic}

Logging:
Log output configuration:
 #0: stdout all=warning uptime,level,tags
 #1: stderr all=off uptime,level,tags

Environment Variables:
PATH=C:\Windows\system32;C:\Windows;C:\Windows\System32\Wbem;C:\Windows\System32\WindowsPowerShell\v1.0\;C:\Windows\System32\OpenSSH\;C:\Program Files (x86)\AOMEI\AOMEI Backupper\6.5.0;C:\Program Files\Git\cmd;C:\Program Files\nodejs\;C:\Users\Windows 10\AppData\Local\Microsoft\WindowsApps;;C:\Users\Windows 10\AppData\Local\Programs\Microsoft VS Code\bin;C:\Users\Windows 10\AppData\Roaming\npm;C:\Program Files\JetBrains\IntelliJ IDEA 2022.1.3\bin;
USERNAME=Windows 10
OS=Windows_NT
PROCESSOR_IDENTIFIER=Intel64 Family 6 Model 78 Stepping 3, GenuineIntel



---------------  S Y S T E M  ---------------

OS: Windows 10 , 64 bit Build 19041 (10.0.19041.1741)
OS uptime: 0 days 1:14 hours

CPU:total 4 (initial active 4) (2 cores per cpu, 2 threads per core) family 6 model 78 stepping 3 microcode 0xcc, cmov, cx8, fxsr, mmx, sse, sse2, sse3, ssse3, sse4.1, sse4.2, popcnt, avx, avx2, aes, clmul, erms, 3dnowpref, lzcnt, ht, tsc, tscinvbit, bmi1, bmi2, adx, fma

Memory: 4k page, system-wide physical 3994M (552M free)
TotalPageFile size 8221M (AvailPageFile size 125M)
current process WorkingSet (physical memory assigned to process): 9M, peak: 9M
current process commit charge ("private bytes"): 51M, peak: 179M

vm_info: OpenJDK 64-Bit Server VM (11.0.15+10-b2043.56) for windows-amd64 JRE (11.0.15+10-b2043.56), built on May 16 2022 02:28:12 by "" with MS VC++ 14.0 (VS2015)

END.
